[project321466.tilda.ws/page1339698.html]
[backblue.gif]
[fade.gif]
[index.html]
[static.tildacdn.com/tild3736-3065-4538-b538-393662323437/if_record_40555.png]
[static.tildacdn.com/css/tilda-grid-3.0.min.css]
[tilda.ws/project321466/tilda-blocks-2.12f97c.css]
[static.tildacdn.com/css/tilda-zoom-1.0.min.css]
[static.tildacdn.com/css/tilda-slides-1.0.min.css]
[tilda.ws/project321466/tilda-blocks-2.6f97c.js]
[static.tildacdn.com/js/tilda-zoom-1.0.min.js]
[static.tildacdn.com/js/tilda-slides-1.1.min.js]
[static.tildacdn.com/js/tilda-scripts-2.8.min.js]
[static.tildacdn.com/js/tilda-forms-1.0.min.js]
[static.tildacdn.com/js/hammer.min.js]
[static.tildacdn.com/js/lazyload-1.3.min.js]
[static.tildacdn.com/js/jquery-1.10.2.min.js]
[static.tildacdn.com/tild6433-3262-4134-a135-393064353531/-/resize/20x/image1.jpg]
[static.tildacdn.com/tild3734-3562-4838-a538-383365313539/-/resize/20x/U_hOFbOl6P8.jpg]
[static.tildacdn.com/tild6566-3039-4237-b133-373864636363/-/resize/20x/sAO0UDFnLqc.jpg]
[static.tildacdn.com/tild6135-3937-4566-b530-346632363332/-/resize/20x/a8NAHXhyEb8.jpg]
[static.tildacdn.com/tild6536-3735-4662-b930-656262613263/-/resize/20x/Q6CCw3NxBx0.jpg]
[static.tildacdn.com/tild6536-3735-4662-b930-656262613263/Q6CCw3NxBx0.jpg]
[static.tildacdn.com/tild3063-3934-4034-a361-316664326438/-/resize/20x/_OH57iL_eFA.jpg]
[static.tildacdn.com/tild3063-3934-4034-a361-316664326438/_OH57iL_eFA.jpg]
[static.tildacdn.com/tild3439-3834-4138-b032-336566633462/-/resize/20x/FrXyI6Yq8Y.jpg]
[static.tildacdn.com/tild3439-3834-4138-b032-336566633462/FrXyI6Yq8Y.jpg]
[static.tildacdn.com/tild3331-6265-4136-a636-396338633434/-/resize/20x/paykyb8er8ianschneider.jpg]
[static.tildacdn.com/tild3933-3736-4732-b163-633861333037/-/resize/20x/NDfdOjJYHJ0.jpg]
[static.tildacdn.com/tild3262-3133-4235-a264-333632303931/-/resize/20x/ZIEpCczZmKU.jpg]
[static.tildacdn.com/tild6233-6664-4330-b839-316266313236/-/resize/20x/r_soltan_oa_sayt_214x214.jpg]
[static.tildacdn.com/tild3735-3035-4762-b962-313737306362/-/resize/20x/8516_275629225025_703425025_8665427_136699_n_400x400.jpg]
[static.tildacdn.com/img/tildacopy.png]
[www.google-analytics.com/analytics.js]
[project321466.tilda.ws/page1339698.html]
[static.tildacdn.com/css/tilda-grid-3.0.min.css]
[tilda.ws/project321466/tilda-blocks-2.12f97c.css]
[static.tildacdn.com/css/tilda-zoom-1.0.min.css]
[static.tildacdn.com/css/tilda-slides-1.0.min.css]
[tilda.ws/project321466/tilda-blocks-2.6f97c.js]
